<?xml version="1.0" encoding="UTF-8"?>
<testng-results skipped="0" failed="0" ignored="0" total="1" passed="1">
  <reporter-output>
  </reporter-output>
  <suite name="Suite" duration-ms="53673" started-at="2020-12-27T19:44:55Z" finished-at="2020-12-27T19:45:48Z">
    <groups>
    </groups>
    <test name="AmazonAppTest" duration-ms="53673" started-at="2020-12-27T19:44:55Z" finished-at="2020-12-27T19:45:48Z">
      <class name="tests.SampleTest">
        <test-method status="PASS" signature="beforeTestMethod()[pri:0, instance:tests.SampleTest@4dfa3a9d]" name="beforeTestMethod" is-config="true" duration-ms="250" started-at="2020-12-28T01:14:55Z" finished-at="2020-12-28T01:14:55Z">
          <reporter-output>
          </reporter-output>
        </test-method> <!-- beforeTestMethod -->
        <test-method status="PASS" signature="setUp(java.lang.reflect.Method)[pri:0, instance:tests.SampleTest@4dfa3a9d]" name="setUp" is-config="true" duration-ms="12381" started-at="2020-12-28T01:14:55Z" finished-at="2020-12-28T01:15:07Z">
          <params>
            <param index="0">
              <value>
                <![CDATA[public void tests.SampleTest.ValidatingCartProductDetails() throws java.io.IOException]]>
              </value>
            </param>
          </params>
          <reporter-output>
          </reporter-output>
        </test-method> <!-- setUp -->
        <test-method status="PASS" signature="ValidatingCartProductDetails()[pri:0, instance:tests.SampleTest@4dfa3a9d]" name="ValidatingCartProductDetails" duration-ms="36950" started-at="2020-12-28T01:15:07Z" finished-at="2020-12-28T01:15:44Z">
          <reporter-output>
          </reporter-output>
        </test-method> <!-- ValidatingCartProductDetails -->
        <test-method status="PASS" signature="tearDown(org.testng.ITestResult)[pri:0, instance:tests.SampleTest@4dfa3a9d]" name="tearDown" is-config="true" duration-ms="3680" started-at="2020-12-28T01:15:44Z" finished-at="2020-12-28T01:15:48Z">
          <params>
            <param index="0">
              <value>
                <![CDATA[[TestResult name=ValidatingCartProductDetails status=SUCCESS method=SampleTest.ValidatingCartProductDetails()[pri:0, instance:tests.SampleTest@4dfa3a9d] output={null}]]]>
              </value>
            </param>
          </params>
          <reporter-output>
          </reporter-output>
        </test-method> <!-- tearDown -->
        <test-method status="PASS" signature="afterTestMethod()[pri:0, instance:tests.SampleTest@4dfa3a9d]" name="afterTestMethod" is-config="true" duration-ms="400" started-at="2020-12-28T01:15:48Z" finished-at="2020-12-28T01:15:48Z">
          <reporter-output>
          </reporter-output>
        </test-method> <!-- afterTestMethod -->
      </class> <!-- tests.SampleTest -->
    </test> <!-- AmazonAppTest -->
  </suite> <!-- Suite -->
</testng-results>
